<?xml version="1.0" encoding="UTF-8"?>
<testsuite xmlns:xsi="http://www.w3.org/2001/XMLSchema-instance" xsi:noNamespaceSchemaLocation="https://maven.apache.org/surefire/maven-surefire-plugin/xsd/surefire-test-report.xsd" name="com.testing.TestFile" time="7.287" tests="3" errors="0" skipped="2" failures="1">
  <properties>
[...]
</properties>
  <testcase name="beforeMethod" classname="com.testing.TestFile" time="6.241">
    <failure type="java.lang.NullPointerException">java.lang.NullPointerException
	at com.testing.TestFile.beforeMethod(TestFile.java:14)
</failure>
    <system-err><![CDATA[Jul 31, 2020 5:43:32 PM org.openqa.selenium.remote.DesiredCapabilities chrome
INFO: Using `new ChromeOptions()` is preferred to `DesiredCapabilities.chrome()`
Starting ChromeDriver 83.0.4103.39 (ccbf011cb2d2b19b506d844400483861342c20cd-refs/branch-heads/4103@{#416}) on port 32943
Only local connections are allowed.
Please see https://chromedriver.chromium.org/security-considerations for suggestions on keeping ChromeDriver safe.
ChromeDriver was started successfully.
[1596228214.197][WARNING]: This version of ChromeDriver has not been tested with Chrome version 84.
Jul 31, 2020 5:43:35 PM org.openqa.selenium.remote.ProtocolHandshake createSession
INFO: Detected dialect: W3C
]]></system-err>
  </testcase>
  <testcase name="loginTest" classname="com.testing.TestFile" time="0">
    <skipped/>
  </testcase>
  <testcase name="afterMethod" classname="com.testing.TestFile" time="0">
    <skipped/>
  </testcase>
</testsuite>