<?xml version="1.0" encoding="UTF-8"?>
<testng-results skipped="0" failed="0" total="2" passed="2">
  <reporter-output>
  </reporter-output>
  <suite name="Default suite" duration-ms="74161" started-at="2020-08-07T17:51:51Z" finished-at="2020-08-07T17:53:05Z">
    <groups>
    </groups>
    <test name="Default test" duration-ms="74161" started-at="2020-08-07T17:51:51Z" finished-at="2020-08-07T17:53:05Z">
      <class name="com.testing.TestFile">
        <test-method status="PASS" signature="beforeMethod()[pri:0, instance:com.testing.TestFile@5bcab519]" name="beforeMethod" is-config="true" duration-ms="14201" started-at="2020-08-07T14:51:51Z" finished-at="2020-08-07T14:52:05Z">
          <reporter-output>
          </reporter-output>
        </test-method> <!-- beforeMethod -->
        <test-method status="PASS" signature="invalidLoginTest()[pri:1, instance:com.testing.TestFile@5bcab519]" name="invalidLoginTest" duration-ms="4567" started-at="2020-08-07T14:52:05Z" finished-at="2020-08-07T14:52:10Z">
          <reporter-output>
          </reporter-output>
        </test-method> <!-- invalidLoginTest -->
        <test-method status="PASS" signature="afterMethod(org.testng.ITestResult)[pri:0, instance:com.testing.TestFile@5bcab519]" name="afterMethod" is-config="true" duration-ms="2373" started-at="2020-08-07T14:52:10Z" finished-at="2020-08-07T14:52:12Z">
          <params>
            <param index="0">
              <value>
                <![CDATA[[TestResult name=invalidLoginTest status=SUCCESS method=TestFile.invalidLoginTest()[pri:1, instance:com.testing.TestFile@5bcab519] output={null}]]]>
              </value>
            </param>
          </params>
          <reporter-output>
          </reporter-output>
        </test-method> <!-- afterMethod -->
        <test-method status="PASS" signature="beforeMethod()[pri:0, instance:com.testing.TestFile@5bcab519]" name="beforeMethod" is-config="true" duration-ms="6660" started-at="2020-08-07T14:52:12Z" finished-at="2020-08-07T14:52:19Z">
          <reporter-output>
          </reporter-output>
        </test-method> <!-- beforeMethod -->
        <test-method status="PASS" signature="validLoginTest()[pri:2, instance:com.testing.TestFile@5bcab519]" name="validLoginTest" duration-ms="44008" started-at="2020-08-07T14:52:19Z" finished-at="2020-08-07T14:53:03Z">
          <reporter-output>
          </reporter-output>
        </test-method> <!-- validLoginTest -->
        <test-method status="PASS" signature="afterMethod(org.testng.ITestResult)[pri:0, instance:com.testing.TestFile@5bcab519]" name="afterMethod" is-config="true" duration-ms="2305" started-at="2020-08-07T14:53:03Z" finished-at="2020-08-07T14:53:05Z">
          <params>
            <param index="0">
              <value>
                <![CDATA[[TestResult name=validLoginTest status=SUCCESS method=TestFile.validLoginTest()[pri:2, instance:com.testing.TestFile@5bcab519] output={null}]]]>
              </value>
            </param>
          </params>
          <reporter-output>
          </reporter-output>
        </test-method> <!-- afterMethod -->
      </class> <!-- com.testing.TestFile -->
    </test> <!-- Default test -->
  </suite> <!-- Default suite -->
</testng-results>
