<?xml version="1.0" encoding="UTF-8"?>
<!-- Generated by org.testng.reporters.JUnitXMLReporter -->
<testsuite hostname="Kinjal" name="Surefire test" tests="1" failures="0" timestamp="31 Jul 2020 20:43:37 GMT" time="5.713" errors="0">
  <testcase name="@BeforeMethod beforeMethod" time="0.0" classname="com.testing.TestFile">
    <failure type="java.lang.NullPointerException">
      <![CDATA[java.lang.NullPointerException
	at com.testing.PageFile.openURL(PageFile.java:37)
	at com.testing.TestFile.beforeMethod(TestFile.java:14)
... Removed 31 stack frames]]>
    </failure>
  </testcase> <!-- @BeforeMethod beforeMethod -->
  <testcase name="@AfterMethod afterMethod" time="0.0" classname="com.testing.TestFile">
    <skipped/>
  </testcase> <!-- @AfterMethod afterMethod -->
  <testcase name="loginTest" time="0.001" classname="com.testing.TestFile">
    <skipped/>
  </testcase> <!-- loginTest -->
</testsuite> <!-- Surefire test -->
